2022-03-26 22:34:12,973 [Worker-6: Loading available Gradle versions] INFO  o.e.b.c.i.u.g.PublishedGradleVersions - Gradle version information cache is up-to-date. Trying to read.
2022-03-26 22:36:35,631 [Worker-10: Creating project "123"] INFO  o.e.m.c.i.l.LifecycleMappingFactory - Using org.eclipse.m2e.jdt.JarLifecycleMapping lifecycle mapping for MavenProject: 123:123:0.0.1-SNAPSHOT @ E:\DA_CNPM\workingspace\123\pom.xml.
2022-03-26 22:36:36,713 [Worker-10: Creating project "123"] INFO  o.e.m.j.i.AbstractJavaProjectConfigurator - Adding source folder /123/src/main/java
2022-03-26 22:36:36,715 [Worker-10: Creating project "123"] INFO  o.e.m.j.i.AbstractJavaProjectConfigurator - Adding resource folder /123/src/main/resources
2022-03-26 22:36:36,719 [Worker-10: Creating project "123"] INFO  o.e.m.j.i.AbstractJavaProjectConfigurator - Adding source folder /123/src/test/java
2022-03-26 22:36:36,719 [Worker-10: Creating project "123"] INFO  o.e.m.j.i.AbstractJavaProjectConfigurator - Adding resource folder /123/src/test/resources
2022-03-26 22:36:37,132 [Worker-10: Auto share git projects] WARN  org.eclipse.jgit.util.FS_Win32 - null
2022-03-26 22:36:37,968 [Worker-16: Building] WARN  o.e.m.c.i.embedder.EclipseLogger - Using platform encoding (Cp1252 actually) to copy filtered resources, i.e. build is platform dependent!
2022-03-26 22:36:37,975 [Worker-16: Building] INFO  o.e.m.c.i.embedder.EclipseLogger - Copying 0 resource
2022-03-26 22:36:37,978 [Worker-16: Building] WARN  o.e.m.c.i.embedder.EclipseLogger - Using platform encoding (Cp1252 actually) to copy filtered resources, i.e. build is platform dependent!
2022-03-26 22:36:37,979 [Worker-16: Building] INFO  o.e.m.c.i.embedder.EclipseLogger - Copying 0 resource
2022-03-26 22:37:11,262 [Worker-19: Building] WARN  o.e.m.c.i.embedder.EclipseLogger - Using platform encoding (Cp1252 actually) to copy filtered resources, i.e. build is platform dependent!
2022-03-26 22:37:11,263 [Worker-19: Building] INFO  o.e.m.c.i.embedder.EclipseLogger - skip non existing resourceDirectory E:\DA_CNPM\workingspace\123\src\main\resources
2022-03-26 22:37:11,264 [Worker-19: Building] WARN  o.e.m.c.i.embedder.EclipseLogger - Using platform encoding (Cp1252 actually) to copy filtered resources, i.e. build is platform dependent!
2022-03-26 22:37:11,265 [Worker-19: Building] INFO  o.e.m.c.i.embedder.EclipseLogger - skip non existing resourceDirectory E:\DA_CNPM\workingspace\123\src\test\resources
2022-03-26 22:37:34,502 [Worker-15: Creating project "1231254"] INFO  o.e.m.c.i.l.LifecycleMappingFactory - Using org.eclipse.m2e.jdt.JarLifecycleMapping lifecycle mapping for MavenProject: 123124:1231254:0.0.1-SNAPSHOT @ E:\DA_CNPM\workingspace\1231254\pom.xml.
2022-03-26 22:37:34,767 [Worker-15: Creating project "1231254"] INFO  o.e.m.j.i.AbstractJavaProjectConfigurator - Adding source folder /1231254/src/main/java
2022-03-26 22:37:34,767 [Worker-15: Creating project "1231254"] INFO  o.e.m.j.i.AbstractJavaProjectConfigurator - Adding resource folder /1231254/src/main/resources
2022-03-26 22:37:34,768 [Worker-15: Creating project "1231254"] INFO  o.e.m.j.i.AbstractJavaProjectConfigurator - Adding source folder /1231254/src/test/java
2022-03-26 22:37:34,768 [Worker-15: Creating project "1231254"] INFO  o.e.m.j.i.AbstractJavaProjectConfigurator - Adding resource folder /1231254/src/test/resources
2022-03-26 22:37:35,164 [Worker-7: Building] WARN  o.e.m.c.i.embedder.EclipseLogger - Using platform encoding (Cp1252 actually) to copy filtered resources, i.e. build is platform dependent!
2022-03-26 22:37:35,165 [Worker-7: Building] INFO  o.e.m.c.i.embedder.EclipseLogger - Copying 0 resource
2022-03-26 22:37:35,167 [Worker-7: Building] WARN  o.e.m.c.i.embedder.EclipseLogger - Using platform encoding (Cp1252 actually) to copy filtered resources, i.e. build is platform dependent!
2022-03-26 22:37:35,168 [Worker-7: Building] INFO  o.e.m.c.i.embedder.EclipseLogger - Copying 0 resource
2022-03-30 21:21:37,061 [Worker-4: Loading available Gradle versions] INFO  o.e.b.c.i.u.g.PublishedGradleVersions - Gradle version information cache is out-of-date. Trying to update.
